<?xml version="1.0" encoding="UTF-8" ?>
<testsuite failures="0" time="0.235" errors="1" skipped="0" tests="1" name="com.liu.maven.dao.StudentMapperTest">
  <properties>
[...]
</properties>
  <testcase time="0.235" classname="com.liu.maven.dao.StudentMapperTest" name="testGetStudentById">
    <error message="
### Error opening session.  Cause: java.lang.NullPointerException
### Cause: java.lang.NullPointerException" type="org.apache.ibatis.exceptions.PersistenceException">org.apache.ibatis.exceptions.PersistenceException: 
### Error opening session.  Cause: java.lang.NullPointerException
### Cause: java.lang.NullPointerException
	at org.apache.ibatis.exceptions.ExceptionFactory.wrapException(ExceptionFactory.java:26)
	at org.apache.ibatis.session.defaults.DefaultSqlSessionFactory.openSessionFromDataSource(DefaultSqlSessionFactory.java:91)
	at org.apache.ibatis.session.defaults.DefaultSqlSessionFactory.openSession(DefaultSqlSessionFactory.java:46)
	at com.liu.maven.dao.StudentMapperTest.testGetStudentById(StudentMapperTest.java:24)
	at sun.reflect.NativeMethodAccessorImpl.invoke0(Native Method)
	at sun.reflect.NativeMethodAccessorImpl.invoke(NativeMethodAccessorImpl.java:57)
	at sun.reflect.DelegatingMethodAccessorImpl.invoke(DelegatingMethodAccessorImpl.java:43)
	at java.lang.reflect.Method.invoke(Method.java:601)
	at org.junit.runners.model.FrameworkMethod$1.runReflectiveCall(FrameworkMethod.java:47)
	at org.junit.internal.runners.model.ReflectiveCallable.run(ReflectiveCallable.java:12)
	at org.junit.runners.model.FrameworkMethod.invokeExplosively(FrameworkMethod.java:44)
	at org.junit.internal.runners.statements.InvokeMethod.evaluate(InvokeMethod.java:17)
	at org.junit.runners.ParentRunner.runLeaf(ParentRunner.java:271)
	at org.junit.runners.BlockJUnit4ClassRunner.runChild(BlockJUnit4ClassRunner.java:70)
	at org.junit.runners.BlockJUnit4ClassRunner.runChild(BlockJUnit4ClassRunner.java:50)
	at org.junit.runners.ParentRunner$3.run(ParentRunner.java:238)
	at org.junit.runners.ParentRunner$1.schedule(ParentRunner.java:63)
	at org.junit.runners.ParentRunner.runChildren(ParentRunner.java:236)
	at org.junit.runners.ParentRunner.access$000(ParentRunner.java:53)
	at org.junit.runners.ParentRunner$2.evaluate(ParentRunner.java:229)
	at org.junit.runners.ParentRunner.run(ParentRunner.java:309)
	at org.apache.maven.surefire.junit4.JUnit4Provider.execute(JUnit4Provider.java:252)
	at org.apache.maven.surefire.junit4.JUnit4Provider.executeTestSet(JUnit4Provider.java:141)
	at org.apache.maven.surefire.junit4.JUnit4Provider.invoke(JUnit4Provider.java:112)
	at sun.reflect.NativeMethodAccessorImpl.invoke0(Native Method)
	at sun.reflect.NativeMethodAccessorImpl.invoke(NativeMethodAccessorImpl.java:57)
	at sun.reflect.DelegatingMethodAccessorImpl.invoke(DelegatingMethodAccessorImpl.java:43)
	at java.lang.reflect.Method.invoke(Method.java:601)
	at org.apache.maven.surefire.util.ReflectionUtils.invokeMethodWithArray(ReflectionUtils.java:189)
	at org.apache.maven.surefire.booter.ProviderFactory$ProviderProxy.invoke(ProviderFactory.java:165)
	at org.apache.maven.surefire.booter.ProviderFactory.invokeProvider(ProviderFactory.java:85)
	at org.apache.maven.surefire.booter.ForkedBooter.runSuitesInProcess(ForkedBooter.java:115)
	at org.apache.maven.surefire.booter.ForkedBooter.main(ForkedBooter.java:75)
Caused by: java.lang.NullPointerException
	at org.apache.ibatis.session.defaults.DefaultSqlSessionFactory.openSessionFromDataSource(DefaultSqlSessionFactory.java:86)
	... 31 more
</error>
    <system-out>dddddddddddddddddddddddddddddddddddddddddddddddddddddddddddddddddddddd
DEBUG [main] - Logging initialized using &apos;class org.apache.ibatis.logging.commons.JakartaCommonsLoggingImpl&apos; adapter.
DEBUG [main] - Class not found: org.jboss.vfs.VFS
DEBUG [main] - JBoss 6 VFS API is not available in this environment.
DEBUG [main] - Class not found: org.jboss.vfs.VirtualFile
DEBUG [main] - VFS implementation org.apache.ibatis.io.JBoss6VFS is not valid in this environment.
DEBUG [main] - Using VFS adapter org.apache.ibatis.io.DefaultVFS
DEBUG [main] - Find JAR URL: file:/D:/Software/Myeclipse/SSM_Hotel_02_SpringMybatis/target/classes/com/liu/maven/model
DEBUG [main] - Not a JAR: file:/D:/Software/Myeclipse/SSM_Hotel_02_SpringMybatis/target/classes/com/liu/maven/model
DEBUG [main] - Reader entry: Student.class
DEBUG [main] - Listing file:/D:/Software/Myeclipse/SSM_Hotel_02_SpringMybatis/target/classes/com/liu/maven/model
DEBUG [main] - Find JAR URL: file:/D:/Software/Myeclipse/SSM_Hotel_02_SpringMybatis/target/classes/com/liu/maven/model/Student.class
DEBUG [main] - Not a JAR: file:/D:/Software/Myeclipse/SSM_Hotel_02_SpringMybatis/target/classes/com/liu/maven/model/Student.class
DEBUG [main] - Reader entry: ����&amp;#0;&amp;#0;&amp;#0;1&amp;#0;%
DEBUG [main] - Checking to see if class com.liu.maven.model.Student matches criteria [is assignable to Object]
</system-out>
  </testcase>
</testsuite>